0 info it worked if it ends with ok
1 verbose cli [ '/Users/eaguilar/.nvm/versions/node/v4.2.6/bin/node',
1 verbose cli   '/usr/local/bin/npm',
1 verbose cli   'install',
1 verbose cli   'ngCordova',
1 verbose cli   '--save' ]
2 info using npm@3.10.10
3 info using node@v4.2.6
4 silly loadCurrentTree Starting
5 silly install loadCurrentTree
6 silly install readLocalPackageData
7 silly fetchPackageMetaData ngCordova
8 silly fetchNamedPackageData ngCordova
9 silly mapToRegistry name ngCordova
10 silly mapToRegistry using default registry
11 silly mapToRegistry registry https://globaldevtools.bbva.com/artifactory/api/npm/npm-repo
12 silly mapToRegistry data Result {
12 silly mapToRegistry   raw: 'ngCordova',
12 silly mapToRegistry   scope: null,
12 silly mapToRegistry   escapedName: 'ngCordova',
12 silly mapToRegistry   name: 'ngCordova',
12 silly mapToRegistry   rawSpec: '',
12 silly mapToRegistry   spec: 'latest',
12 silly mapToRegistry   type: 'tag' }
13 silly mapToRegistry uri https://globaldevtools.bbva.com/artifactory/api/npm/npm-repo/ngCordova
14 verbose request uri https://globaldevtools.bbva.com/artifactory/api/npm/npm-repo/ngCordova
15 verbose request always-auth set; sending authorization
16 info attempt registry request try #1 at 19:02:17
17 verbose request id 652b0bb242092a9c
18 http request GET https://globaldevtools.bbva.com/artifactory/api/npm/npm-repo/ngCordova
19 http 404 https://globaldevtools.bbva.com/artifactory/api/npm/npm-repo/ngCordova
20 verbose headers { 'content-type': 'application/json',
20 verbose headers   date: 'Sat, 13 May 2017 17:02:18 GMT',
20 verbose headers   server: 'nginx',
20 verbose headers   'x-artifactory-id': 'c4443d5b4ad8493c:4180fd23:159cb2ccc7e:-7fff',
20 verbose headers   'content-length': '54',
20 verbose headers   connection: 'keep-alive' }
21 silly get cb [ 404,
21 silly get   { 'content-type': 'application/json',
21 silly get     date: 'Sat, 13 May 2017 17:02:18 GMT',
21 silly get     server: 'nginx',
21 silly get     'x-artifactory-id': 'c4443d5b4ad8493c:4180fd23:159cb2ccc7e:-7fff',
21 silly get     'content-length': '54',
21 silly get     connection: 'keep-alive' } ]
22 silly fetchPackageMetaData Error: 404 Not Found: artifactory
22 silly fetchPackageMetaData     at makeError (/usr/local/lib/node_modules/npm/node_modules/npm-registry-client/lib/request.js:302:12)
22 silly fetchPackageMetaData     at CachingRegistryClient.<anonymous> (/usr/local/lib/node_modules/npm/node_modules/npm-registry-client/lib/request.js:288:14)
22 silly fetchPackageMetaData     at Request._callback (/usr/local/lib/node_modules/npm/node_modules/npm-registry-client/lib/request.js:210:14)
22 silly fetchPackageMetaData     at Request.self.callback (/usr/local/lib/node_modules/npm/node_modules/request/request.js:187:22)
22 silly fetchPackageMetaData     at emitTwo (events.js:87:13)
22 silly fetchPackageMetaData     at Request.emit (events.js:172:7)
22 silly fetchPackageMetaData     at Request.<anonymous> (/usr/local/lib/node_modules/npm/node_modules/request/request.js:1048:10)
22 silly fetchPackageMetaData     at emitOne (events.js:77:13)
22 silly fetchPackageMetaData     at Request.emit (events.js:169:7)
22 silly fetchPackageMetaData     at IncomingMessage.<anonymous> (/usr/local/lib/node_modules/npm/node_modules/request/request.js:969:12)
22 silly fetchPackageMetaData  error for ngCordova { [Error: 404 Not Found: artifactory] pkgid: 'artifactory', statusCode: 404, code: 'E404' }
23 silly rollbackFailedOptional Starting
24 silly rollbackFailedOptional Finishing
25 silly runTopLevelLifecycles Finishing
26 silly install printInstalled
27 verbose stack Error: 404 Not Found: artifactory
27 verbose stack     at makeError (/usr/local/lib/node_modules/npm/node_modules/npm-registry-client/lib/request.js:302:12)
27 verbose stack     at CachingRegistryClient.<anonymous> (/usr/local/lib/node_modules/npm/node_modules/npm-registry-client/lib/request.js:288:14)
27 verbose stack     at Request._callback (/usr/local/lib/node_modules/npm/node_modules/npm-registry-client/lib/request.js:210:14)
27 verbose stack     at Request.self.callback (/usr/local/lib/node_modules/npm/node_modules/request/request.js:187:22)
27 verbose stack     at emitTwo (events.js:87:13)
27 verbose stack     at Request.emit (events.js:172:7)
27 verbose stack     at Request.<anonymous> (/usr/local/lib/node_modules/npm/node_modules/request/request.js:1048:10)
27 verbose stack     at emitOne (events.js:77:13)
27 verbose stack     at Request.emit (events.js:169:7)
27 verbose stack     at IncomingMessage.<anonymous> (/usr/local/lib/node_modules/npm/node_modules/request/request.js:969:12)
28 verbose statusCode 404
29 verbose pkgid artifactory
30 verbose cwd /Users/eaguilar/proyectos-personales/driver-location
31 error Darwin 16.1.0
32 error argv "/Users/eaguilar/.nvm/versions/node/v4.2.6/bin/node" "/usr/local/bin/npm" "install" "ngCordova" "--save"
33 error node v4.2.6
34 error npm  v3.10.10
35 error code E404
36 error 404 Not Found: artifactory
37 error 404
38 error 404 'artifactory' is not in the npm registry.
39 error 404 You should bug the author to publish it (or use the name yourself!)
40 error 404 Note that you can also install from a
41 error 404 tarball, folder, http url, or git url.
42 verbose exit [ 1, true ]
